0 info it worked if it ends with ok
1 verbose cli [ 'C:\\code\\utilities\\nodejs\\\\node.exe',
1 verbose cli   'C:\\code\\utilities\\nodejs\\node_modules\\npm\\bin\\npm-cli.js',
1 verbose cli   'start' ]
2 info using npm@1.3.5
3 info using node@v0.10.15
4 verbose node symlink C:\code\utilities\nodejs\\node.exe
5 error Error: ENOENT, open 'C:\code\node\nyles\learnnode\views\package.json'
6 error If you need help, you may report this log at:
6 error     <http://github.com/isaacs/npm/issues>
6 error or email it to:
6 error     <npm-@googlegroups.com>
7 error System Windows_NT 6.2.9200
8 error command "C:\\code\\utilities\\nodejs\\\\node.exe" "C:\\code\\utilities\\nodejs\\node_modules\\npm\\bin\\npm-cli.js" "start"
9 error cwd C:\code\node\nyles\learnnode\views
10 error node -v v0.10.15
11 error npm -v 1.3.5
12 error path C:\code\node\nyles\learnnode\views\package.json
13 error code ENOENT
14 error errno 34
15 verbose exit [ 34, true ]
